<?xml version="1.0" encoding="UTF-8"?>
<!-- Generated by org.testng.reporters.JUnitReportReporter -->
<testsuite hostname="LAPTOP-2M4SKB01" failures="0" tests="1" name="TestCases.TestHomeChallenge" time="31.583" errors="0" timestamp="2024-02-19T14:50:15 EST" skipped="0">
  <testcase classname="TestCases.TestHomeChallenge" name="test" time="31.583"/>
</testsuite> <!-- TestCases.TestHomeChallenge -->
