<?xml version="1.0" encoding="UTF-8"?>
<!-- Generated by org.testng.reporters.JUnitReportReporter -->
<testsuite hostname="LAPTOP-2M4SKB01" failures="0" tests="1" name="MyRunner.MyRunner$CucumberRunnerTests" time="89.762" errors="0" timestamp="2024-02-20T17:51:53 EST" skipped="0">
  <testcase classname="MyRunner.MyRunner$CucumberRunnerTests" name="runScenario" time="89.762"/>
</testsuite> <!-- MyRunner.MyRunner$CucumberRunnerTests -->
